[2025-11-25 18:07:04] [CONFIG ] Language set to: en 
[2025-11-25 18:07:04] [INFO   ] Program started 
[2025-11-25 18:07:13] [FINE   ] User selected option: 5 
[2025-11-25 18:07:15] [CONFIG ] Language set to: uk 
[2025-11-25 18:07:15] [INFO   ] Language changed to Ukrainian 
[2025-11-25 18:11:43] [CONFIG ] Language set to: en 
[2025-11-25 18:11:43] [INFO   ] Program started 
[2025-11-25 18:11:46] [FINE   ] User selected option: 5 
[2025-11-25 18:11:48] [CONFIG ] Language set to: uk 
[2025-11-25 18:11:48] [INFO   ] Language changed to Ukrainian 
[2025-11-25 18:12:41] [CONFIG ] Language set to: en 
[2025-11-25 18:12:41] [INFO   ] Program started 
[2025-11-25 18:12:44] [FINE   ] User selected option: 5 
[2025-11-25 18:12:46] [CONFIG ] Language set to: uk 
[2025-11-25 18:12:46] [INFO   ] Language changed to Ukrainian 
[2025-11-25 18:13:42] [CONFIG ] Language set to: en 
[2025-11-25 18:13:42] [INFO   ] Program started 
[2025-11-25 18:13:44] [FINE   ] User selected option: 5 
[2025-11-25 18:13:44] [CONFIG ] Language set to: uk 
[2025-11-25 18:13:44] [INFO   ] Language changed to Ukrainian 
[2025-11-25 18:14:20] [CONFIG ] Language set to: en 
[2025-11-25 18:14:20] [INFO   ] Program started 
[2025-11-25 18:14:23] [FINE   ] User selected option: 5 
[2025-11-25 18:14:24] [CONFIG ] Language set to: uk 
[2025-11-25 18:14:24] [INFO   ] Language changed to Ukrainian 
[2025-11-25 18:16:24] [CONFIG ] Language set to: en 
[2025-11-25 18:16:24] [INFO   ] Program started 
[2025-11-25 18:16:28] [FINE   ] User selected option: 5 
[2025-11-25 18:16:29] [CONFIG ] Language set to: uk 
[2025-11-25 18:16:29] [INFO   ] Language changed to Ukrainian 
[2025-11-25 18:26:12] [CONFIG ] Language set to: en 
[2025-11-25 18:26:12] [INFO   ] Program started 
[2025-11-25 18:26:15] [FINE   ] User selected option: 5 
[2025-11-25 18:26:16] [CONFIG ] Language set to: uk 
[2025-11-25 18:26:16] [INFO   ] Language changed to Ukrainian 
[2025-11-25 18:26:37] [CONFIG ] Language set to: en 
[2025-11-25 18:26:37] [INFO   ] Program started 
[2025-11-25 18:26:39] [FINE   ] User selected option: 5 
[2025-11-25 18:26:40] [CONFIG ] Language set to: uk 
[2025-11-25 18:26:40] [INFO   ] Language changed to Ukrainian 
[2025-11-25 18:31:39] [CONFIG ] Language set to: en 
[2025-11-25 18:31:40] [INFO   ] Program started 
[2025-11-25 18:32:05] [CONFIG ] Language set to: en 
[2025-11-25 18:32:05] [FINE   ] Encoding test - menu.title: Text Data Processing Program 
[2025-11-25 18:32:05] [INFO   ] Program started 
[2025-11-25 18:32:08] [FINE   ] User selected option: 5 
[2025-11-25 18:32:09] [CONFIG ] Language set to: uk 
[2025-11-25 18:32:09] [FINE   ] Encoding test - menu.title: ???????? ??????? ????????? ????? 
[2025-11-25 18:32:09] [INFO   ] Language changed to Ukrainian 
[2025-11-25 18:33:08] [CONFIG ] Language set to: en 
[2025-11-25 18:33:08] [INFO   ] Program started 
[2025-11-25 18:33:43] [FINE   ] User selected option: 2 
[2025-11-25 18:33:43] [FINER  ] ENTRY 
[2025-11-25 18:33:48] [FINE   ] Cipher operation selected: 1 
[2025-11-25 18:35:23] [FINE   ] Cipher key: 1 
[2025-11-25 18:35:23] [INFO   ] File encrypted: D:\Projects\University\3rd_course\Java\Lab_10\Lab_10_2_3\src\main\resources\location\messages_en.properties -> D:\Projects\University\3rd_course\Java\Lab_10\Lab_10_2_3\encrypted 
[2025-11-25 18:35:23] [FINER  ] RETURN 
[2025-11-25 18:38:18] [FINE   ] User selected option: 1 
[2025-11-25 18:38:18] [FINER  ] ENTRY 
[2025-11-25 18:39:03] [FINE   ] Processing file: D:\Downloads\notes\widget.txt 
[2025-11-25 18:39:03] [FINE   ] File read successfully: D:\Downloads\notes\widget.txt 
[2025-11-25 18:39:03] [INFO   ] Found line with max words: 13 words 
[2025-11-25 18:39:08] [FINER  ] RETURN 
[2025-11-25 18:39:28] [FINE   ] User selected option: 1 
[2025-11-25 18:39:28] [FINER  ] ENTRY 
[2025-11-25 18:39:36] [FINE   ] Processing file: D:\Downloads\notes\1.txt 
[2025-11-25 18:39:36] [WARNING] File not found: D:\Downloads\notes\1.txt 
[2025-11-25 18:39:36] [FINER  ] RETURN 
[2025-11-25 18:41:02] [FINE   ] User selected option: 1 
[2025-11-25 18:41:02] [FINER  ] ENTRY 
[2025-11-25 18:41:22] [FINE   ] Processing file: D:\Downloads\notes 
[2025-11-25 18:41:22] [SEVERE ] File operation error: D:\Downloads\notes (Access is denied) 
[2025-11-25 18:41:22] [FINER  ] RETURN 
[2025-11-25 18:43:03] [FINE   ] User selected option: 4 
[2025-11-25 18:43:03] [INFO   ] Program terminated by user 
[2025-11-25 18:43:48] [CONFIG ] Language set to: en 
[2025-11-25 18:43:48] [INFO   ] Program started 
[2025-11-25 18:43:51] [FINE   ] User selected option: 5 
[2025-11-25 18:43:53] [CONFIG ] Language set to: uk 
[2025-11-25 18:43:53] [INFO   ] Language changed to Ukrainian 
[2025-11-25 18:43:57] [FINE   ] User selected option: 5 
[2025-11-25 18:43:59] [CONFIG ] Language set to: en 
[2025-11-25 18:43:59] [INFO   ] Language changed to English 
[2025-11-25 18:44:10] [FINE   ] User selected option: 5 
[2025-11-25 18:44:11] [CONFIG ] Language set to: uk 
[2025-11-25 18:44:11] [INFO   ] Language changed to Ukrainian 
[2025-11-25 18:44:13] [FINE   ] User selected option: 3 
[2025-11-25 18:44:13] [FINER  ] ENTRY 
[2025-11-25 18:44:24] [FINE   ] Processing URL: https://schedule.kpi.ua/?groupId=a3ec37df-31df-47ea-ae36-c8aa691ec880 
[2025-11-25 18:44:25] [INFO   ] HTML analysis completed for URL: https://schedule.kpi.ua/?groupId=a3ec37df-31df-47ea-ae36-c8aa691ec880 
[2025-11-25 18:49:58] [CONFIG ] Language set to: en 
[2025-11-25 18:49:58] [INFO   ] Program started 
[2025-11-25 18:50:45] [FINE   ] User selected option: 1 
[2025-11-25 18:50:45] [FINER  ] ENTRY 
[2025-11-25 18:50:47] [FINE   ] Processing file: D:\Downloads\notes\1.txt 
[2025-11-25 18:50:47] [WARNING] File not found: D:\Downloads\notes\1.txt 
[2025-11-25 18:50:47] [FINER  ] RETURN 
[2025-11-25 18:53:52] [CONFIG ] Language set to: en 
[2025-11-25 18:53:52] [INFO   ] Program started 
[2025-11-25 18:53:57] [WARNING] Number format exception: For input string: "D:\Downloads\notes\1.txt " 
[2025-11-25 18:54:01] [FINE   ] User selected option: 1 
[2025-11-25 18:54:01] [FINER  ] ENTRY 
[2025-11-25 18:54:03] [FINE   ] Processing file: D:\Downloads\notes\1.txt  
[2025-11-25 18:54:03] [WARNING] File not found: D:\Downloads\notes\1.txt  
[2025-11-25 18:54:04] [FINER  ] RETURN 
[2025-11-25 18:56:46] [CONFIG ] Language set to: en
[2025-11-25 18:56:46] [INFO   ] Program started
[2025-11-25 18:56:47] [WARNING] Number format exception: For input string: ""
[2025-11-25 18:56:51] [FINE   ] User selected option: 1
[2025-11-25 18:56:51] [FINER  ] ENTRY
[2025-11-25 18:56:53] [FINE   ] Processing file: D:\Downloads\notes\1.txt
[2025-11-25 18:56:53] [WARNING] File not found: D:\Downloads\notes\1.txt
[2025-11-25 18:57:00] [FINER  ] RETURN
[2025-11-25 19:00:35] [MAIN_FILE] [CONFIG ] Language set to: en
[2025-11-25 19:00:35] [MAIN_FILE] [INFO   ] Program started
[2025-11-25 19:00:42] [MAIN_FILE] [FINE   ] User selected option: 1
[2025-11-25 19:00:42] [MAIN_FILE] [FINER  ] ENTRY
[2025-11-25 19:00:56] [MAIN_FILE] [FINEST ] User entered file path: D:\Downloads\notes
[2025-11-25 19:00:56] [MAIN_FILE] [FINER  ] Starting file processing
[2025-11-25 19:00:56] [MAIN_FILE] [FINE   ] Processing file: D:\Downloads\notes
[2025-11-25 19:00:56] [MAIN_FILE] [CONFIG ] File processor initialized
[2025-11-25 19:00:56] [MAIN_FILE] [SEVERE ] File operation error: D:\Downloads\notes (Access is denied)
[2025-11-25 19:00:56] [MAIN_FILE] [FINER  ] RETURN
[2025-11-25 19:10:00] [MAIN_FILE] [CONFIG ] Language set to: en
[2025-11-25 19:10:00] [MAIN_FILE] [INFO   ] Program started
[2025-11-25 19:10:03] [MAIN_FILE] [FINE   ] User selected option: 5
[2025-11-25 19:10:04] [MAIN_FILE] [CONFIG ] Language set to: uk
[2025-11-25 19:10:04] [MAIN_FILE] [INFO   ] Language changed to Ukrainian
[2025-11-25 19:11:01] [MAIN_FILE] [CONFIG ] Language set to: en
[2025-11-25 19:11:01] [MAIN_FILE] [INFO   ] Program started
[2025-11-25 19:11:07] [MAIN_FILE] [FINE   ] User selected option: 5
[2025-11-25 19:11:08] [MAIN_FILE] [CONFIG ] Language set to: uk
[2025-11-25 19:11:08] [MAIN_FILE] [INFO   ] Language changed to Ukrainian
[2025-11-25 19:11:13] [MAIN_FILE] [FINE   ] User selected option: 5
[2025-11-25 19:11:14] [MAIN_FILE] [CONFIG ] Language set to: en
[2025-11-25 19:11:14] [MAIN_FILE] [INFO   ] Language changed to English
[2025-11-25 19:14:53] [MAIN_FILE] [CONFIG ] Language set to: en
[2025-11-25 19:14:53] [MAIN_FILE] [INFO   ] Program started
[2025-11-25 19:14:57] [MAIN_FILE] [FINE   ] User selected option: 5
[2025-11-25 19:14:57] [MAIN_FILE] [CONFIG ] Language set to: uk
[2025-11-25 19:14:57] [MAIN_FILE] [FINE   ] Language changed to Ukrainian
[2025-11-25 19:15:07] [MAIN_FILE] [FINE   ] User selected option: 4
[2025-11-25 19:15:07] [MAIN_FILE] [INFO   ] Program terminated by user
